<?xml version="1.0" encoding="UTF-8"?>
<testng-results skipped="0" failed="0" total="1" passed="1">
  <reporter-output>
  </reporter-output>
  <suite name="Default suite" duration-ms="9766" started-at="2019-04-17T05:55:14Z" finished-at="2019-04-17T05:55:24Z">
    <groups>
    </groups>
    <test name="Default test" duration-ms="9766" started-at="2019-04-17T05:55:14Z" finished-at="2019-04-17T05:55:24Z">
      <class name="Pack.Test1">
        <test-method status="PASS" signature="beforeTest()[pri:0, instance:Pack.Test1@28feb3fa]" name="beforeTest" is-config="true" duration-ms="9462" started-at="2019-04-17T11:25:14Z" finished-at="2019-04-17T11:25:23Z">
          <reporter-output>
          </reporter-output>
        </test-method> <!-- beforeTest -->
        <test-method status="PASS" signature="beforeMethod()[pri:0, instance:Pack.Test1@28feb3fa]" name="beforeMethod" is-config="true" duration-ms="0" started-at="2019-04-17T11:25:23Z" finished-at="2019-04-17T11:25:23Z">
          <reporter-output>
          </reporter-output>
        </test-method> <!-- beforeMethod -->
        <test-method status="PASS" signature="check_Title()[pri:0, instance:Pack.Test1@28feb3fa]" name="check_Title" duration-ms="70" started-at="2019-04-17T11:25:23Z" finished-at="2019-04-17T11:25:24Z">
          <reporter-output>
          </reporter-output>
        </test-method> <!-- check_Title -->
        <test-method status="PASS" signature="afterMethod()[pri:0, instance:Pack.Test1@28feb3fa]" name="afterMethod" is-config="true" duration-ms="1" started-at="2019-04-17T11:25:24Z" finished-at="2019-04-17T11:25:24Z">
          <reporter-output>
          </reporter-output>
        </test-method> <!-- afterMethod -->
        <test-method status="PASS" signature="afterTest()[pri:0, instance:Pack.Test1@28feb3fa]" name="afterTest" is-config="true" duration-ms="191" started-at="2019-04-17T11:25:24Z" finished-at="2019-04-17T11:25:24Z">
          <reporter-output>
          </reporter-output>
        </test-method> <!-- afterTest -->
      </class> <!-- Pack.Test1 -->
    </test> <!-- Default test -->
  </suite> <!-- Default suite -->
</testng-results>
